#
# A fatal error has been detected by the Java Runtime Environment:
#
#  EXCEPTION_ACCESS_VIOLATION (0xc0000005) at pc=0x000000006887ca40, pid=12612, tid=0x0000000000000a90
#
# JRE version: Java(TM) SE Runtime Environment (8.0_111-b14) (build 1.8.0_111-b14)
# Java VM: Java HotSpot(TM) 64-Bit Server VM (25.111-b14 mixed mode windows-amd64 compressed oops)
# Problematic frame:
# V  [jvm.dll+0x5ca40]
#
# Failed to write core dump. Minidumps are not enabled by default on client versions of Windows
#
# If you would like to submit a bug report, please visit:
#   http://bugreport.java.com/bugreport/crash.jsp
#

---------------  T H R E A D  ---------------

Current thread (0x00000000029f0800):  JavaThread "main" [_thread_in_vm, id=2704, stack(0x00000000028c0000,0x00000000029c0000)]

siginfo: ExceptionCode=0xc0000005, reading address 0x0000000000000090

Registers:
RAX=0x0000000000000000, RBX=0x0000000019b04320, RCX=0x0000000000000000, RDX=0x000000005bfb187b
RSP=0x00000000029be3f0, RBP=0x00000000029be4f0, RSI=0x0000000000000090, RDI=0x0000000000000006
R8 =0x0000000000000000, R9 =0x000000007ffe3000, R10=0x00000000546c6148, R11=0x0000000002a07b10
R12=0x00000000029be7f0, R13=0x00000000029f0800, R14=0x00000000029be8b0, R15=0x0000000019b04310
RIP=0x000000006887ca40, EFLAGS=0x0000000000010206

Top of Stack: (sp=0x00000000029be3f0)
0x00000000029be3f0:   00000000029be4f0 0000000000000000
0x00000000029be400:   00000000029ee7b0 0000000000000000
0x00000000029be410:   0000000000000002 00000000029eec70
0x00000000029be420:   0000000000000000 00000000000000a0
0x00000000029be430:   0000000019a7ef30 0000001519bdb210
0x00000000029be440:   0000000000000000 0000000019bda350
0x00000000029be450:   00000000029ee800 00000000000000a0
0x00000000029be460:   0000936b329804b6 00000000029be400
0x00000000029be470:   00000000029ee7d0 00000000029ee7c0
0x00000000029be480:   00000000029ee7c8 00000000029ee7b0
0x00000000029be490:   0000000019b04310 0000000019b04350
0x00000000029be4a0:   0000000019b0c2f8 00000000000083b0
0x00000000029be4b0:   0000000017976840 00000000029e0000
0x00000000029be4c0:   0000000000000000 0000000000000000
0x00000000029be4d0:   0000000000000000 00000000000083b0
0x00000000029be4e0:   000000001a9a6fb0 0000000019b0c2f8 

Instructions: (pc=0x000000006887ca40)
0x000000006887ca20:   7a 00 0f b6 05 8c 74 74 00 80 bd a0 02 00 00 00
0x000000006887ca30:   0f 45 c8 41 88 0e eb 1a 49 8b c8 48 85 f6 74 03
0x000000006887ca40:   48 8b 0e 0f b6 95 a0 02 00 00 e8 01 25 02 00 41
0x000000006887ca50:   88 06 41 0f b6 06 48 8b 4d 30 88 43 20 48 8b 05 


Register to memory mapping:

RAX=0x0000000000000000 is an unknown value
RBX=0x0000000019b04320 is an unknown value
RCX=0x0000000000000000 is an unknown value
RDX=0x000000005bfb187b is an unknown value
RSP=0x00000000029be3f0 is pointing into the stack for thread: 0x00000000029f0800
RBP=0x00000000029be4f0 is pointing into the stack for thread: 0x00000000029f0800
RSI=0x0000000000000090 is an unknown value
RDI=0x0000000000000006 is an unknown value
R8 =0x0000000000000000 is an unknown value
R9 =0x000000007ffe3000 is an unknown value
R10=0x00000000546c6148 is an unknown value
R11=0x0000000002a07b10 is an unknown value
R12=0x00000000029be7f0 is pointing into the stack for thread: 0x00000000029f0800
R13=0x00000000029f0800 is a thread
R14=0x00000000029be8b0 is pointing into the stack for thread: 0x00000000029f0800
R15=0x0000000019b04310 is an unknown value


Stack: [0x00000000028c0000,0x00000000029c0000],  sp=0x00000000029be3f0,  free space=1016k
Native frames: (J=compiled Java code, j=interpreted, Vv=VM code, C=native code)
V  [jvm.dll+0x5ca40]
V  [jvm.dll+0x5fdd3]
V  [jvm.dll+0x7c149]
V  [jvm.dll+0x7ca27]
V  [jvm.dll+0x7e0f6]
V  [jvm.dll+0x7e14d]
V  [jvm.dll+0xf7533]
V  [jvm.dll+0xbb523]
V  [jvm.dll+0xbb6df]
C  0x0000000002b15335

Java frames: (J=compiled Java code, j=interpreted, Vv=VM code)
j  javax.swing.JRootPane.createContentPane()Ljava/awt/Container;+35
j  javax.swing.JRootPane.<init>()V+27
j  javax.swing.JFrame.createRootPane()Ljavax/swing/JRootPane;+4
j  javax.swing.JFrame.frameInit()V+16
j  javax.swing.JFrame.<init>()V+20
j  game.Game.<init>()V+102
j  game.Game.main([Ljava/lang/String;)V+4
v  ~StubRoutines::call_stub

---------------  P R O C E S S  ---------------

Java Threads: ( => current thread )
  0x000000001a991000 JavaThread "AWT-Windows" daemon [_thread_in_native, id=12956, stack(0x000000001b370000,0x000000001b470000)]
  0x000000001a990000 JavaThread "AWT-Shutdown" [_thread_blocked, id=9676, stack(0x000000001b270000,0x000000001b370000)]
  0x000000001a940000 JavaThread "Java2D Disposer" daemon [_thread_blocked, id=10436, stack(0x000000001b110000,0x000000001b210000)]
  0x0000000019a63000 JavaThread "Service Thread" daemon [_thread_blocked, id=2432, stack(0x000000001a5d0000,0x000000001a6d0000)]
  0x0000000019a5b000 JavaThread "C1 CompilerThread3" daemon [_thread_blocked, id=9940, stack(0x000000001a4d0000,0x000000001a5d0000)]
  0x0000000019a58000 JavaThread "C2 CompilerThread2" daemon [_thread_blocked, id=9836, stack(0x000000001a3d0000,0x000000001a4d0000)]
  0x0000000019a52800 JavaThread "C2 CompilerThread1" daemon [_thread_blocked, id=10284, stack(0x000000001a2d0000,0x000000001a3d0000)]
  0x00000000199fa000 JavaThread "C2 CompilerThread0" daemon [_thread_blocked, id=9396, stack(0x000000001a1d0000,0x000000001a2d0000)]
  0x00000000199f8000 JavaThread "Attach Listener" daemon [_thread_blocked, id=6292, stack(0x000000001a0d0000,0x000000001a1d0000)]
  0x00000000199f5000 JavaThread "Signal Dispatcher" daemon [_thread_blocked, id=9832, stack(0x0000000019fd0000,0x000000001a0d0000)]
  0x00000000199f0800 JavaThread "Finalizer" daemon [_thread_blocked, id=9456, stack(0x0000000019dd0000,0x0000000019ed0000)]
  0x0000000002ae6000 JavaThread "Reference Handler" daemon [_thread_blocked, id=5520, stack(0x00000000198d0000,0x00000000199d0000)]
=>0x00000000029f0800 JavaThread "main" [_thread_in_vm, id=2704, stack(0x00000000028c0000,0x00000000029c0000)]

Other Threads:
  0x0000000017ae9000 VMThread [stack: 0x00000000197d0000,0x00000000198d0000] [id=6644]
  0x0000000019a76800 WatcherThread [stack: 0x000000001a6d0000,0x000000001a7d0000] [id=10132]

VM state:not at safepoint (normal execution)

VM Mutex/Monitor currently owned by a thread: None

Heap:
 PSYoungGen      total 38400K, used 3993K [0x00000000d5980000, 0x00000000d8400000, 0x0000000100000000)
  eden space 33280K, 12% used [0x00000000d5980000,0x00000000d5d666f8,0x00000000d7a00000)
  from space 5120K, 0% used [0x00000000d7f00000,0x00000000d7f00000,0x00000000d8400000)
  to   space 5120K, 0% used [0x00000000d7a00000,0x00000000d7a00000,0x00000000d7f00000)
 ParOldGen       total 87552K, used 0K [0x0000000080c00000, 0x0000000086180000, 0x00000000d5980000)
  object space 87552K, 0% used [0x0000000080c00000,0x0000000080c00000,0x0000000086180000)
 Metaspace       used 6495K, capacity 6660K, committed 6784K, reserved 1056768K
  class space    used 744K, capacity 834K, committed 896K, reserved 1048576K

Card table byte_map: [0x0000000011eb0000,0x00000000122b0000] byte_map_base: 0x0000000011aaa000

Marking Bits: (ParMarkBitMap*) 0x000000006903a6c0
 Begin Bits: [0x0000000012d60000, 0x0000000014d30000)
 End Bits:   [0x0000000014d30000, 0x0000000016d00000)

Polling page: 0x0000000002840000

CodeCache: size=245760Kb used=1590Kb max_used=1590Kb free=244169Kb
 bounds [0x0000000002af0000, 0x0000000002d60000, 0x0000000011af0000]
 total_blobs=603 nmethods=258 adapters=258
 compilation: enabled

Compilation events (10 events):
Event: 0.428 Thread 0x0000000019a5b000  254       3       java.lang.String::endsWith (17 bytes)
Event: 0.429 Thread 0x0000000019a5b000 nmethod 254 0x0000000002c7b010 code [0x0000000002c7b180, 0x0000000002c7b3a8]
Event: 0.429 Thread 0x0000000019a5b000  255       3       sun.util.ResourceBundleEnumeration::hasMoreElements (117 bytes)
Event: 0.429 Thread 0x0000000019a5b000 nmethod 255 0x0000000002c7b4d0 code [0x0000000002c7b6c0, 0x0000000002c7c0c8]
Event: 0.431 Thread 0x0000000019a5b000  256       1       java.net.URL::getProtocol (5 bytes)
Event: 0.431 Thread 0x0000000019a5b000 nmethod 256 0x0000000002c7c310 code [0x0000000002c7c460, 0x0000000002c7c570]
Event: 0.432 Thread 0x0000000019a5b000  257       3       java.util.concurrent.ConcurrentHashMap::addCount (292 bytes)
Event: 0.433 Thread 0x0000000019a5b000 nmethod 257 0x0000000002c7c5d0 code [0x0000000002c7c7e0, 0x0000000002c7d2e8]
Event: 0.433 Thread 0x0000000019a5b000  258       3       java.util.HashSet::add (20 bytes)
Event: 0.433 Thread 0x0000000019a5b000 nmethod 258 0x0000000002c7d6d0 code [0x0000000002c7d840, 0x0000000002c7dac8]

GC Heap History (0 events):
No events

Deoptimization events (0 events):
No events

Internal exceptions (10 events):
Event: 0.037 Thread 0x00000000029f0800 Exception <a 'java/lang/NoSuchMethodError': Method sun.misc.Unsafe.defineClass(Ljava/lang/String;[BII)Ljava/lang/Class; name or signature does not match> (0x00000000d5987c78) thrown at [C:\re\workspace\8-2-build-windows-amd64-cygwin\jdk8u111\7883\hotspot\
Event: 0.037 Thread 0x00000000029f0800 Exception <a 'java/lang/NoSuchMethodError': Method sun.misc.Unsafe.prefetchRead(Ljava/lang/Object;J)V name or signature does not match> (0x00000000d5987f60) thrown at [C:\re\workspace\8-2-build-windows-amd64-cygwin\jdk8u111\7883\hotspot\src\share\vm\prims
Event: 0.128 Thread 0x00000000029f0800 Exception <a 'java/security/PrivilegedActionException'> (0x00000000d5a09ea0) thrown at [C:\re\workspace\8-2-build-windows-amd64-cygwin\jdk8u111\7883\hotspot\src\share\vm\prims\jvm.cpp, line 1386]
Event: 0.128 Thread 0x00000000029f0800 Exception <a 'java/security/PrivilegedActionException'> (0x00000000d5a0a0b0) thrown at [C:\re\workspace\8-2-build-windows-amd64-cygwin\jdk8u111\7883\hotspot\src\share\vm\prims\jvm.cpp, line 1386]
Event: 0.129 Thread 0x00000000029f0800 Exception <a 'java/security/PrivilegedActionException'> (0x00000000d5a0df98) thrown at [C:\re\workspace\8-2-build-windows-amd64-cygwin\jdk8u111\7883\hotspot\src\share\vm\prims\jvm.cpp, line 1386]
Event: 0.129 Thread 0x00000000029f0800 Exception <a 'java/security/PrivilegedActionException'> (0x00000000d5a0e1a8) thrown at [C:\re\workspace\8-2-build-windows-amd64-cygwin\jdk8u111\7883\hotspot\src\share\vm\prims\jvm.cpp, line 1386]
Event: 0.138 Thread 0x00000000029f0800 Exception <a 'java/io/FileNotFoundException'> (0x00000000d5a14d50) thrown at [C:\re\workspace\8-2-build-windows-amd64-cygwin\jdk8u111\7883\hotspot\src\share\vm\prims\jni.cpp, line 709]
Event: 0.182 Thread 0x00000000029f0800 Exception <a 'java/lang/NoSuchFieldError': method resolution failed> (0x00000000d5b88b48) thrown at [C:\re\workspace\8-2-build-windows-amd64-cygwin\jdk8u111\7883\hotspot\src\share\vm\prims\methodHandles.cpp, line 1146]
Event: 0.184 Thread 0x00000000029f0800 Exception <a 'java/lang/NoSuchFieldError': method resolution failed> (0x00000000d5b95f18) thrown at [C:\re\workspace\8-2-build-windows-amd64-cygwin\jdk8u111\7883\hotspot\src\share\vm\prims\methodHandles.cpp, line 1146]
Event: 0.228 Thread 0x00000000029f0800 Exception <a 'java/io/FileNotFoundException'> (0x00000000d5c298a0) thrown at [C:\re\workspace\8-2-build-windows-amd64-cygwin\jdk8u111\7883\hotspot\src\share\vm\prims\jni.cpp, line 709]

Events (10 events):
Event: 0.432 loading class java/lang/reflect/InvocationTargetException done
Event: 0.433 loading class sun/swing/SwingLazyValue$1
Event: 0.433 loading class sun/swing/SwingLazyValue$1 done
Event: 0.433 loading class javax/swing/RepaintManager$ProcessingRunnable
Event: 0.433 loading class javax/swing/RepaintManager$ProcessingRunnable done
Event: 0.433 loading class com/sun/java/swing/SwingUtilities3
Event: 0.433 loading class com/sun/java/swing/SwingUtilities3 done
Event: 0.433 loading class javax/swing/JLayeredPane
Event: 0.434 loading class javax/swing/JLayeredPane done
Event: 0.434 loading class javax/swing/JRootPane$1


Dynamic libraries:
0x00007ff6f0a50000 - 0x00007ff6f0a87000 	C:\Program Files\Java\jdk1.8.0_111\bin\java.exe
0x00007ffa71980000 - 0x00007ffa71b70000 	C:\WINDOWS\SYSTEM32\ntdll.dll
0x00007ffa6fa30000 - 0x00007ffa6fae2000 	C:\WINDOWS\System32\KERNEL32.DLL
0x00007ffa6eb10000 - 0x00007ffa6edb5000 	C:\WINDOWS\System32\KERNELBASE.dll
0x00007ffa71690000 - 0x00007ffa71733000 	C:\WINDOWS\System32\ADVAPI32.dll
0x00007ffa70340000 - 0x00007ffa703de000 	C:\WINDOWS\System32\msvcrt.dll
0x00007ffa71750000 - 0x00007ffa717e7000 	C:\WINDOWS\System32\sechost.dll
0x00007ffa71470000 - 0x00007ffa71590000 	C:\WINDOWS\System32\RPCRT4.dll
0x00007ffa71270000 - 0x00007ffa71404000 	C:\WINDOWS\System32\USER32.dll
0x00007ffa6f670000 - 0x00007ffa6f691000 	C:\WINDOWS\System32\win32u.dll
0x00007ffa71660000 - 0x00007ffa71686000 	C:\WINDOWS\System32\GDI32.dll
0x00007ffa6e950000 - 0x00007ffa6eae6000 	C:\WINDOWS\System32\gdi32full.dll
0x00007ffa6f550000 - 0x00007ffa6f5ee000 	C:\WINDOWS\System32\msvcp_win.dll
0x00007ffa6f700000 - 0x00007ffa6f7fa000 	C:\WINDOWS\System32\ucrtbase.dll
0x00007ffa5ade0000 - 0x00007ffa5b064000 	C:\WINDOWS\WinSxS\amd64_microsoft.windows.common-controls_6595b64144ccf1df_6.0.18362.1198_none_9e820b57e45ad92f\COMCTL32.dll
0x00007ffa6ff20000 - 0x00007ffa70255000 	C:\WINDOWS\System32\combase.dll
0x00007ffa6f5f0000 - 0x00007ffa6f670000 	C:\WINDOWS\System32\bcryptPrimitives.dll
0x00007ffa70310000 - 0x00007ffa7033e000 	C:\WINDOWS\System32\IMM32.DLL
0x0000000068740000 - 0x0000000068812000 	C:\Program Files\Java\jdk1.8.0_111\jre\bin\msvcr100.dll
0x0000000068820000 - 0x00000000690ba000 	C:\Program Files\Java\jdk1.8.0_111\jre\bin\server\jvm.dll
0x00007ffa71740000 - 0x00007ffa71748000 	C:\WINDOWS\System32\PSAPI.DLL
0x00007ffa6c5d0000 - 0x00007ffa6c5f4000 	C:\WINDOWS\SYSTEM32\WINMM.dll
0x00007ffa679f0000 - 0x00007ffa679fa000 	C:\WINDOWS\SYSTEM32\VERSION.dll
0x00007ffa6c4a0000 - 0x00007ffa6c4cd000 	C:\WINDOWS\SYSTEM32\winmmbase.dll
0x00007ffa6e900000 - 0x00007ffa6e94a000 	C:\WINDOWS\System32\cfgmgr32.dll
0x00007ffa58b00000 - 0x00007ffa58b09000 	C:\WINDOWS\SYSTEM32\WSOCK32.dll
0x0000000002790000 - 0x00000000027ff000 	C:\WINDOWS\System32\ws2_32.DLL
0x0000000069230000 - 0x000000006923f000 	C:\Program Files\Java\jdk1.8.0_111\jre\bin\verify.dll
0x00000000686d0000 - 0x00000000686f9000 	C:\Program Files\Java\jdk1.8.0_111\jre\bin\java.dll
0x00000000686b0000 - 0x00000000686c6000 	C:\Program Files\Java\jdk1.8.0_111\jre\bin\zip.dll
0x00007ffa703e0000 - 0x00007ffa70ac7000 	C:\WINDOWS\System32\SHELL32.dll
0x00007ffa6fc50000 - 0x00007ffa6fcf9000 	C:\WINDOWS\System32\shcore.dll
0x00007ffa6edc0000 - 0x00007ffa6f541000 	C:\WINDOWS\System32\windows.storage.dll
0x00007ffa6e8d0000 - 0x00007ffa6e8f3000 	C:\WINDOWS\System32\profapi.dll
0x00007ffa6e860000 - 0x00007ffa6e8aa000 	C:\WINDOWS\System32\powrprof.dll
0x00007ffa6e830000 - 0x00007ffa6e840000 	C:\WINDOWS\System32\UMPDC.dll
0x00007ffa71590000 - 0x00007ffa715e2000 	C:\WINDOWS\System32\shlwapi.dll
0x00007ffa6e840000 - 0x00007ffa6e851000 	C:\WINDOWS\System32\kernel.appcore.dll
0x00007ffa6eaf0000 - 0x00007ffa6eb07000 	C:\WINDOWS\System32\cryptsp.dll
0x00000000684d0000 - 0x0000000068668000 	C:\Program Files\Java\jdk1.8.0_111\jre\bin\awt.dll
0x00007ffa71870000 - 0x00007ffa71935000 	C:\WINDOWS\System32\OLEAUT32.dll
0x00007ffa6c750000 - 0x00007ffa6c7df000 	C:\WINDOWS\SYSTEM32\apphelp.dll
0x00007ffa6ccd0000 - 0x00007ffa6ccfd000 	C:\WINDOWS\system32\DWMAPI.DLL
0x00007ffa6c8a0000 - 0x00007ffa6c939000 	C:\WINDOWS\system32\uxtheme.dll
0x00007ffa6fd00000 - 0x00007ffa6fe35000 	C:\WINDOWS\System32\MSCTF.dll
0x00007ffa6faf0000 - 0x00007ffa6fc47000 	C:\WINDOWS\System32\ole32.dll
0x00007ffa55a60000 - 0x00007ffa55c27000 	C:\WINDOWS\system32\d3d9.dll
0x00007ffa6d470000 - 0x00007ffa6d490000 	C:\WINDOWS\SYSTEM32\dxcore.dll
0x00007ffa653a0000 - 0x00007ffa6548f000 	C:\WINDOWS\System32\DriverStore\FileRepository\nv_dispi.inf_amd64_9952681a7bb1dfac\nvldumdx.dll
0x00007ffa6f800000 - 0x00007ffa6f949000 	C:\WINDOWS\System32\crypt32.dll
0x00007ffa6e8b0000 - 0x00007ffa6e8c2000 	C:\WINDOWS\System32\MSASN1.dll
0x00007ffa67920000 - 0x00007ffa6794f000 	C:\WINDOWS\SYSTEM32\cryptnet.dll
0x00007ffa6e250000 - 0x00007ffa6e25c000 	C:\WINDOWS\SYSTEM32\cryptbase.dll
0x00007ffa6f6a0000 - 0x00007ffa6f6fc000 	C:\WINDOWS\System32\WINTRUST.DLL
0x00007ffa70fd0000 - 0x00007ffa70fed000 	C:\WINDOWS\System32\imagehlp.dll
0x00007ffa6dbf0000 - 0x00007ffa6dc23000 	C:\WINDOWS\system32\rsaenh.dll
0x00007ffa6f950000 - 0x00007ffa6f976000 	C:\WINDOWS\System32\bcrypt.dll
0x00007ffa14d20000 - 0x00007ffa16243000 	C:\WINDOWS\System32\DriverStore\FileRepository\nv_dispi.inf_amd64_9952681a7bb1dfac\nvd3dumx.dll
0x00007ffa3de30000 - 0x00007ffa3e0de000 	C:\WINDOWS\system32\nvspcap64.dll
0x00007ffa6d870000 - 0x00007ffa6d8a1000 	C:\WINDOWS\SYSTEM32\ntmarta.dll
0x00007ffa6d200000 - 0x00007ffa6d3f4000 	C:\WINDOWS\SYSTEM32\dbghelp.dll

VM Arguments:
jvm_args: -Dfile.encoding=UTF-8 
java_command: game.Game
java_class_path (initial): C:\Users\Matt\Documents\NetBeansProjects\Game\build\classes
Launcher Type: SUN_STANDARD

Environment Variables:
PATH=C:\WINDOWS\system32;C:\WINDOWS;C:\WINDOWS\System32\Wbem;C:\WINDOWS\System32\WindowsPowerShell\v1.0\;C:\WINDOWS\System32\OpenSSH\;C:\Program Files\dotnet\;C:\Program Files\NVIDIA Corporation\NVIDIA NvDLISR;C:\Program Files (x86)\NVIDIA Corporation\PhysX\Common;C:\WINDOWS\system32;C:\WINDOWS;C:\WINDOWS\System32\Wbem;C:\WINDOWS\System32\WindowsPowerShell\v1.0\;C:\WINDOWS\System32\OpenSSH\;C:\Users\Matt\AppData\Local\Microsoft\WindowsApps;
USERNAME=Matt
OS=Windows_NT
PROCESSOR_IDENTIFIER=Intel64 Family 6 Model 58 Stepping 9, GenuineIntel



---------------  S Y S T E M  ---------------

OS: Windows 10.0 , 64 bit Build 18362 (10.0.18362.1110)

CPU:total 8 (4 cores per cpu, 2 threads per core) family 6 model 58 stepping 9, cmov, cx8, fxsr, mmx, sse, sse2, sse3, ssse3, sse4.1, sse4.2, popcnt, avx, aes, clmul, erms, ht, tsc, tscinvbit, tscinv

Memory: 4k page, physical 8332412k(3877432k free), swap 13051004k(4494332k free)

vm_info: Java HotSpot(TM) 64-Bit Server VM (25.111-b14) for windows-amd64 JRE (1.8.0_111-b14), built on Sep 22 2016 19:24:05 by "java_re" with MS VC++ 10.0 (VS2010)

time: Wed Nov 18 21:23:28 2020
elapsed time: 0 seconds (0d 0h 0m 0s)

